<?xml version="1.0" encoding="UTF-8"?>
<testsuite xmlns:xsi="http://www.w3.org/2001/XMLSchema-instance" xsi:noNamespaceSchemaLocation="https://maven.apache.org/surefire/maven-failsafe-plugin/xsd/failsafe-test-report.xsd" name="imagerepo.ImageRepoAppIT" time="30.037" tests="6" errors="0" skipped="0" failures="0">
  <properties>
    <property name="sun.desktop" value="windows"/>
    <property name="awt.toolkit" value="sun.awt.windows.WToolkit"/>
    <property name="java.specification.version" value="11"/>
    <property name="sun.cpu.isalist" value="amd64"/>
    <property name="sun.jnu.encoding" value="Cp1252"/>
    <property name="java.class.path" value="C:\Users\current user\IdeaProjects\ImageRepo\target\test-classes;C:\Users\current user\IdeaProjects\ImageRepo\target\classes;C:\Users\current user\.m2\repository\com\amazonaws\aws-java-sdk\1.11.163\aws-java-sdk-1.11.163.jar;C:\Users\current user\.m2\repository\com\amazonaws\aws-java-sdk-dax\1.11.163\aws-java-sdk-dax-1.11.163.jar;C:\Users\current user\.m2\repository\com\amazonaws\jmespath-java\1.11.163\jmespath-java-1.11.163.jar;C:\Users\current user\.m2\repository\com\amazonaws\aws-java-sdk-greengrass\1.11.163\aws-java-sdk-greengrass-1.11.163.jar;C:\Users\current user\.m2\repository\com\amazonaws\aws-java-sdk-athena\1.11.163\aws-java-sdk-athena-1.11.163.jar;C:\Users\current user\.m2\repository\com\amazonaws\aws-java-sdk-marketplaceentitlement\1.11.163\aws-java-sdk-marketplaceentitlement-1.11.163.jar;C:\Users\current user\.m2\repository\com\amazonaws\aws-java-sdk-codestar\1.11.163\aws-java-sdk-codestar-1.11.163.jar;C:\Users\current user\.m2\repository\com\amazonaws\aws-java-sdk-lexmodelbuilding\1.11.163\aws-java-sdk-lexmodelbuilding-1.11.163.jar;C:\Users\current user\.m2\repository\com\amazonaws\aws-java-sdk-resourcegroupstaggingapi\1.11.163\aws-java-sdk-resourcegroupstaggingapi-1.11.163.jar;C:\Users\current user\.m2\repository\com\amazonaws\aws-java-sdk-pinpoint\1.11.163\aws-java-sdk-pinpoint-1.11.163.jar;C:\Users\current user\.m2\repository\com\amazonaws\aws-java-sdk-xray\1.11.163\aws-java-sdk-xray-1.11.163.jar;C:\Users\current user\.m2\repository\com\amazonaws\aws-java-sdk-opsworkscm\1.11.163\aws-java-sdk-opsworkscm-1.11.163.jar;C:\Users\current user\.m2\repository\com\amazonaws\aws-java-sdk-support\1.11.163\aws-java-sdk-support-1.11.163.jar;C:\Users\current user\.m2\repository\com\amazonaws\aws-java-sdk-simpledb\1.11.163\aws-java-sdk-simpledb-1.11.163.jar;C:\Users\current user\.m2\repository\com\amazonaws\aws-java-sdk-servicecatalog\1.11.163\aws-java-sdk-servicecatalog-1.11.163.jar;C:\Users\current user\.m2\repository\com\amazonaws\aws-java-sdk-servermigration\1.11.163\aws-java-sdk-servermigration-1.11.163.jar;C:\Users\current user\.m2\repository\com\amazonaws\aws-java-sdk-simpleworkflow\1.11.163\aws-java-sdk-simpleworkflow-1.11.163.jar;C:\Users\current user\.m2\repository\com\amazonaws\aws-java-sdk-storagegateway\1.11.163\aws-java-sdk-storagegateway-1.11.163.jar;C:\Users\current user\.m2\repository\com\amazonaws\aws-java-sdk-route53\1.11.163\aws-java-sdk-route53-1.11.163.jar;C:\Users\current user\.m2\repository\com\amazonaws\aws-java-sdk-s3\1.11.163\aws-java-sdk-s3-1.11.163.jar;C:\Users\current user\.m2\repository\com\amazonaws\aws-java-sdk-importexport\1.11.163\aws-java-sdk-importexport-1.11.163.jar;C:\Users\current user\.m2\repository\com\amazonaws\aws-java-sdk-sts\1.11.163\aws-java-sdk-sts-1.11.163.jar;C:\Users\current user\.m2\repository\com\amazonaws\aws-java-sdk-sqs\1.11.163\aws-java-sdk-sqs-1.11.163.jar;C:\Users\current user\.m2\repository\com\amazonaws\aws-java-sdk-rds\1.11.163\aws-java-sdk-rds-1.11.163.jar;C:\Users\current user\.m2\repository\com\amazonaws\aws-java-sdk-redshift\1.11.163\aws-java-sdk-redshift-1.11.163.jar;C:\Users\current user\.m2\repository\com\amazonaws\aws-java-sdk-elasticbeanstalk\1.11.163\aws-java-sdk-elasticbeanstalk-1.11.163.jar;C:\Users\current user\.m2\repository\com\amazonaws\aws-java-sdk-glacier\1.11.163\aws-java-sdk-glacier-1.11.163.jar;C:\Users\current user\.m2\repository\com\amazonaws\aws-java-sdk-iam\1.11.163\aws-java-sdk-iam-1.11.163.jar;C:\Users\current user\.m2\repository\com\amazonaws\aws-java-sdk-datapipeline\1.11.163\aws-java-sdk-datapipeline-1.11.163.jar;C:\Users\current user\.m2\repository\com\amazonaws\aws-java-sdk-elasticloadbalancing\1.11.163\aws-java-sdk-elasticloadbalancing-1.11.163.jar;C:\Users\current user\.m2\repository\com\amazonaws\aws-java-sdk-elasticloadbalancingv2\1.11.163\aws-java-sdk-elasticloadbalancingv2-1.11.163.jar;C:\Users\current user\.m2\repository\com\amazonaws\aws-java-sdk-emr\1.11.163\aws-java-sdk-emr-1.11.163.jar;C:\Users\current user\.m2\repository\com\amazonaws\aws-java-sdk-elasticache\1.11.163\aws-java-sdk-elasticache-1.11.163.jar;C:\Users\current user\.m2\repository\com\amazonaws\aws-java-sdk-elastictranscoder\1.11.163\aws-java-sdk-elastictranscoder-1.11.163.jar;C:\Users\current user\.m2\repository\com\amazonaws\aws-java-sdk-ec2\1.11.163\aws-java-sdk-ec2-1.11.163.jar;C:\Users\current user\.m2\repository\com\amazonaws\aws-java-sdk-dynamodb\1.11.163\aws-java-sdk-dynamodb-1.11.163.jar;C:\Users\current user\.m2\repository\com\amazonaws\aws-java-sdk-sns\1.11.163\aws-java-sdk-sns-1.11.163.jar;C:\Users\current user\.m2\repository\com\amazonaws\aws-java-sdk-budgets\1.11.163\aws-java-sdk-budgets-1.11.163.jar;C:\Users\current user\.m2\repository\com\amazonaws\aws-java-sdk-cloudtrail\1.11.163\aws-java-sdk-cloudtrail-1.11.163.jar;C:\Users\current user\.m2\repository\com\amazonaws\aws-java-sdk-cloudwatch\1.11.163\aws-java-sdk-cloudwatch-1.11.163.jar;C:\Users\current user\.m2\repository\com\amazonaws\aws-java-sdk-logs\1.11.163\aws-java-sdk-logs-1.11.163.jar;C:\Users\current user\.m2\repository\com\amazonaws\aws-java-sdk-events\1.11.163\aws-java-sdk-events-1.11.163.jar;C:\Users\current user\.m2\repository\com\amazonaws\aws-java-sdk-cognitoidentity\1.11.163\aws-java-sdk-cognitoidentity-1.11.163.jar;C:\Users\current user\.m2\repository\com\amazonaws\aws-java-sdk-cognitosync\1.11.163\aws-java-sdk-cognitosync-1.11.163.jar;C:\Users\current user\.m2\repository\com\amazonaws\aws-java-sdk-directconnect\1.11.163\aws-java-sdk-directconnect-1.11.163.jar;C:\Users\current user\.m2\repository\com\amazonaws\aws-java-sdk-cloudformation\1.11.163\aws-java-sdk-cloudformation-1.11.163.jar;C:\Users\current user\.m2\repository\com\amazonaws\aws-java-sdk-cloudfront\1.11.163\aws-java-sdk-cloudfront-1.11.163.jar;C:\Users\current user\.m2\repository\com\amazonaws\aws-java-sdk-clouddirectory\1.11.163\aws-java-sdk-clouddirectory-1.11.163.jar;C:\Users\current user\.m2\repository\com\amazonaws\aws-java-sdk-kinesis\1.11.163\aws-java-sdk-kinesis-1.11.163.jar;C:\Users\current user\.m2\repository\com\amazonaws\aws-java-sdk-opsworks\1.11.163\aws-java-sdk-opsworks-1.11.163.jar;C:\Users\current user\.m2\repository\com\amazonaws\aws-java-sdk-ses\1.11.163\aws-java-sdk-ses-1.11.163.jar;C:\Users\current user\.m2\repository\com\amazonaws\aws-java-sdk-autoscaling\1.11.163\aws-java-sdk-autoscaling-1.11.163.jar;C:\Users\current user\.m2\repository\com\amazonaws\aws-java-sdk-cloudsearch\1.11.163\aws-java-sdk-cloudsearch-1.11.163.jar;C:\Users\current user\.m2\repository\com\amazonaws\aws-java-sdk-cloudwatchmetrics\1.11.163\aws-java-sdk-cloudwatchmetrics-1.11.163.jar;C:\Users\current user\.m2\repository\com\amazonaws\aws-java-sdk-codedeploy\1.11.163\aws-java-sdk-codedeploy-1.11.163.jar;C:\Users\current user\.m2\repository\com\amazonaws\aws-java-sdk-codepipeline\1.11.163\aws-java-sdk-codepipeline-1.11.163.jar;C:\Users\current user\.m2\repository\com\amazonaws\aws-java-sdk-kms\1.11.163\aws-java-sdk-kms-1.11.163.jar;C:\Users\current user\.m2\repository\com\amazonaws\aws-java-sdk-config\1.11.163\aws-java-sdk-config-1.11.163.jar;C:\Users\current user\.m2\repository\com\amazonaws\aws-java-sdk-lambda\1.11.163\aws-java-sdk-lambda-1.11.163.jar;C:\Users\current user\.m2\repository\com\amazonaws\aws-java-sdk-ecs\1.11.163\aws-java-sdk-ecs-1.11.163.jar;C:\Users\current user\.m2\repository\com\amazonaws\aws-java-sdk-ecr\1.11.163\aws-java-sdk-ecr-1.11.163.jar;C:\Users\current user\.m2\repository\com\amazonaws\aws-java-sdk-cloudhsm\1.11.163\aws-java-sdk-cloudhsm-1.11.163.jar;C:\Users\current user\.m2\repository\com\amazonaws\aws-java-sdk-ssm\1.11.163\aws-java-sdk-ssm-1.11.163.jar;C:\Users\current user\.m2\repository\com\amazonaws\aws-java-sdk-workspaces\1.11.163\aws-java-sdk-workspaces-1.11.163.jar;C:\Users\current user\.m2\repository\com\amazonaws\aws-java-sdk-machinelearning\1.11.163\aws-java-sdk-machinelearning-1.11.163.jar;C:\Users\current user\.m2\repository\com\amazonaws\aws-java-sdk-directory\1.11.163\aws-java-sdk-directory-1.11.163.jar;C:\Users\current user\.m2\repository\com\amazonaws\aws-java-sdk-efs\1.11.163\aws-java-sdk-efs-1.11.163.jar;C:\Users\current user\.m2\repository\com\amazonaws\aws-java-sdk-codecommit\1.11.163\aws-java-sdk-codecommit-1.11.163.jar;C:\Users\current user\.m2\repository\com\amazonaws\aws-java-sdk-devicefarm\1.11.163\aws-java-sdk-devicefarm-1.11.163.jar;C:\Users\current user\.m2\repository\com\amazonaws\aws-java-sdk-elasticsearch\1.11.163\aws-java-sdk-elasticsearch-1.11.163.jar;C:\Users\current user\.m2\repository\com\amazonaws\aws-java-sdk-waf\1.11.163\aws-java-sdk-waf-1.11.163.jar;C:\Users\current user\.m2\repository\com\amazonaws\aws-java-sdk-marketplacecommerceanalytics\1.11.163\aws-java-sdk-marketplacecommerceanalytics-1.11.163.jar;C:\Users\current user\.m2\repository\com\amazonaws\aws-java-sdk-inspector\1.11.163\aws-java-sdk-inspector-1.11.163.jar;C:\Users\current user\.m2\repository\com\amazonaws\aws-java-sdk-iot\1.11.163\aws-java-sdk-iot-1.11.163.jar;C:\Users\current user\.m2\repository\com\amazonaws\aws-java-sdk-api-gateway\1.11.163\aws-java-sdk-api-gateway-1.11.163.jar;C:\Users\current user\.m2\repository\com\amazonaws\aws-java-sdk-acm\1.11.163\aws-java-sdk-acm-1.11.163.jar;C:\Users\current user\.m2\repository\com\amazonaws\aws-java-sdk-gamelift\1.11.163\aws-java-sdk-gamelift-1.11.163.jar;C:\Users\current user\.m2\repository\com\amazonaws\aws-java-sdk-dms\1.11.163\aws-java-sdk-dms-1.11.163.jar;C:\Users\current user\.m2\repository\com\amazonaws\aws-java-sdk-marketplacemeteringservice\1.11.163\aws-java-sdk-marketplacemeteringservice-1.11.163.jar;C:\Users\current user\.m2\repository\com\amazonaws\aws-java-sdk-cognitoidp\1.11.163\aws-java-sdk-cognitoidp-1.11.163.jar;C:\Users\current user\.m2\repository\com\amazonaws\aws-java-sdk-discovery\1.11.163\aws-java-sdk-discovery-1.11.163.jar;C:\Users\current user\.m2\repository\com\amazonaws\aws-java-sdk-applicationautoscaling\1.11.163\aws-java-sdk-applicationautoscaling-1.11.163.jar;C:\Users\current user\.m2\repository\com\amazonaws\aws-java-sdk-snowball\1.11.163\aws-java-sdk-snowball-1.11.163.jar;C:\Users\current user\.m2\repository\com\amazonaws\aws-java-sdk-rekognition\1.11.163\aws-java-sdk-rekognition-1.11.163.jar;C:\Users\current user\.m2\repository\com\amazonaws\aws-java-sdk-polly\1.11.163\aws-java-sdk-polly-1.11.163.jar;C:\Users\current user\.m2\repository\com\amazonaws\aws-java-sdk-lightsail\1.11.163\aws-java-sdk-lightsail-1.11.163.jar;C:\Users\current user\.m2\repository\com\amazonaws\aws-java-sdk-stepfunctions\1.11.163\aws-java-sdk-stepfunctions-1.11.163.jar;C:\Users\current user\.m2\repository\com\amazonaws\aws-java-sdk-health\1.11.163\aws-java-sdk-health-1.11.163.jar;C:\Users\current user\.m2\repository\com\amazonaws\aws-java-sdk-costandusagereport\1.11.163\aws-java-sdk-costandusagereport-1.11.163.jar;C:\Users\current user\.m2\repository\com\amazonaws\aws-java-sdk-codebuild\1.11.163\aws-java-sdk-codebuild-1.11.163.jar;C:\Users\current user\.m2\repository\com\amazonaws\aws-java-sdk-appstream\1.11.163\aws-java-sdk-appstream-1.11.163.jar;C:\Users\current user\.m2\repository\com\amazonaws\aws-java-sdk-shield\1.11.163\aws-java-sdk-shield-1.11.163.jar;C:\Users\current user\.m2\repository\com\amazonaws\aws-java-sdk-batch\1.11.163\aws-java-sdk-batch-1.11.163.jar;C:\Users\current user\.m2\repository\com\amazonaws\aws-java-sdk-lex\1.11.163\aws-java-sdk-lex-1.11.163.jar;C:\Users\current user\.m2\repository\com\amazonaws\aws-java-sdk-mechanicalturkrequester\1.11.163\aws-java-sdk-mechanicalturkrequester-1.11.163.jar;C:\Users\current user\.m2\repository\com\amazonaws\aws-java-sdk-organizations\1.11.163\aws-java-sdk-organizations-1.11.163.jar;C:\Users\current user\.m2\repository\com\amazonaws\aws-java-sdk-workdocs\1.11.163\aws-java-sdk-workdocs-1.11.163.jar;C:\Users\current user\.m2\repository\com\amazonaws\aws-java-sdk-core\1.11.163\aws-java-sdk-core-1.11.163.jar;C:\Users\current user\.m2\repository\commons-logging\commons-logging\1.1.3\commons-logging-1.1.3.jar;C:\Users\current user\.m2\repository\org\apache\httpcomponents\httpclient\4.5.8\httpclient-4.5.8.jar;C:\Users\current user\.m2\repository\org\apache\httpcomponents\httpcore\4.4.11\httpcore-4.4.11.jar;C:\Users\current user\.m2\repository\commons-codec\commons-codec\1.11\commons-codec-1.11.jar;C:\Users\current user\.m2\repository\software\amazon\ion\ion-java\1.0.2\ion-java-1.0.2.jar;C:\Users\current user\.m2\repository\com\fasterxml\jackson\core\jackson-databind\2.9.8\jackson-databind-2.9.8.jar;C:\Users\current user\.m2\repository\com\fasterxml\jackson\core\jackson-core\2.9.8\jackson-core-2.9.8.jar;C:\Users\current user\.m2\repository\com\fasterxml\jackson\dataformat\jackson-dataformat-cbor\2.9.8\jackson-dataformat-cbor-2.9.8.jar;C:\Users\current user\.m2\repository\joda-time\joda-time\2.10.1\joda-time-2.10.1.jar;C:\Users\current user\.m2\repository\com\amazonaws\aws-java-sdk-models\1.11.163\aws-java-sdk-models-1.11.163.jar;C:\Users\current user\.m2\repository\com\amazonaws\aws-java-sdk-swf-libraries\1.11.22\aws-java-sdk-swf-libraries-1.11.22.jar;C:\Users\current user\.m2\repository\com\google\guava\guava\28.2-jre\guava-28.2-jre.jar;C:\Users\current user\.m2\repository\com\google\guava\failureaccess\1.0.1\failureaccess-1.0.1.jar;C:\Users\current user\.m2\repository\com\google\guava\listenablefuture\9999.0-empty-to-avoid-conflict-with-guava\listenablefuture-9999.0-empty-to-avoid-conflict-with-guava.jar;C:\Users\current user\.m2\repository\com\google\code\findbugs\jsr305\3.0.2\jsr305-3.0.2.jar;C:\Users\current user\.m2\repository\org\checkerframework\checker-qual\2.10.0\checker-qual-2.10.0.jar;C:\Users\current user\.m2\repository\com\google\errorprone\error_prone_annotations\2.3.4\error_prone_annotations-2.3.4.jar;C:\Users\current user\.m2\repository\com\google\j2objc\j2objc-annotations\1.3\j2objc-annotations-1.3.jar;C:\Users\current user\.m2\repository\org\projectlombok\lombok\1.18.10\lombok-1.18.10.jar;C:\Users\current user\.m2\repository\commons-io\commons-io\2.6\commons-io-2.6.jar;C:\Users\current user\.m2\repository\javax\xml\bind\jaxb-api\2.3.1\jaxb-api-2.3.1.jar;C:\Users\current user\.m2\repository\javax\activation\javax.activation-api\1.2.0\javax.activation-api-1.2.0.jar;C:\Users\current user\.m2\repository\com\sun\activation\javax.activation\1.2.0\javax.activation-1.2.0.jar;C:\Users\current user\.m2\repository\io\springfox\springfox-swagger2\2.9.2\springfox-swagger2-2.9.2.jar;C:\Users\current user\.m2\repository\io\swagger\swagger-annotations\1.5.20\swagger-annotations-1.5.20.jar;C:\Users\current user\.m2\repository\io\swagger\swagger-models\1.5.20\swagger-models-1.5.20.jar;C:\Users\current user\.m2\repository\com\fasterxml\jackson\core\jackson-annotations\2.9.0\jackson-annotations-2.9.0.jar;C:\Users\current user\.m2\repository\io\springfox\springfox-spi\2.9.2\springfox-spi-2.9.2.jar;C:\Users\current user\.m2\repository\io\springfox\springfox-core\2.9.2\springfox-core-2.9.2.jar;C:\Users\current user\.m2\repository\io\springfox\springfox-schema\2.9.2\springfox-schema-2.9.2.jar;C:\Users\current user\.m2\repository\io\springfox\springfox-swagger-common\2.9.2\springfox-swagger-common-2.9.2.jar;C:\Users\current user\.m2\repository\io\springfox\springfox-spring-web\2.9.2\springfox-spring-web-2.9.2.jar;C:\Users\current user\.m2\repository\com\fasterxml\classmate\1.4.0\classmate-1.4.0.jar;C:\Users\current user\.m2\repository\org\slf4j\slf4j-api\1.7.26\slf4j-api-1.7.26.jar;C:\Users\current user\.m2\repository\org\springframework\plugin\spring-plugin-core\1.2.0.RELEASE\spring-plugin-core-1.2.0.RELEASE.jar;C:\Users\current user\.m2\repository\org\springframework\spring-beans\5.1.6.RELEASE\spring-beans-5.1.6.RELEASE.jar;C:\Users\current user\.m2\repository\org\springframework\spring-context\5.1.6.RELEASE\spring-context-5.1.6.RELEASE.jar;C:\Users\current user\.m2\repository\org\springframework\spring-aop\5.1.6.RELEASE\spring-aop-5.1.6.RELEASE.jar;C:\Users\current user\.m2\repository\org\springframework\plugin\spring-plugin-metadata\1.2.0.RELEASE\spring-plugin-metadata-1.2.0.RELEASE.jar;C:\Users\current user\.m2\repository\org\mapstruct\mapstruct\1.2.0.Final\mapstruct-1.2.0.Final.jar;C:\Users\current user\.m2\repository\io\springfox\springfox-swagger-ui\2.9.2\springfox-swagger-ui-2.9.2.jar;C:\Users\current user\.m2\repository\org\springframework\boot\spring-boot-starter-web\2.1.4.RELEASE\spring-boot-starter-web-2.1.4.RELEASE.jar;C:\Users\current user\.m2\repository\org\springframework\boot\spring-boot-starter\2.1.4.RELEASE\spring-boot-starter-2.1.4.RELEASE.jar;C:\Users\current user\.m2\repository\org\springframework\boot\spring-boot\2.1.4.RELEASE\spring-boot-2.1.4.RELEASE.jar;C:\Users\current user\.m2\repository\org\springframework\boot\spring-boot-autoconfigure\2.1.4.RELEASE\spring-boot-autoconfigure-2.1.4.RELEASE.jar;C:\Users\current user\.m2\repository\org\springframework\boot\spring-boot-starter-logging\2.1.4.RELEASE\spring-boot-starter-logging-2.1.4.RELEASE.jar;C:\Users\current user\.m2\repository\ch\qos\logback\logback-classic\1.2.3\logback-classic-1.2.3.jar;C:\Users\current user\.m2\repository\ch\qos\logback\logback-core\1.2.3\logback-core-1.2.3.jar;C:\Users\current user\.m2\repository\org\apache\logging\log4j\log4j-to-slf4j\2.11.2\log4j-to-slf4j-2.11.2.jar;C:\Users\current user\.m2\repository\org\apache\logging\log4j\log4j-api\2.11.2\log4j-api-2.11.2.jar;C:\Users\current user\.m2\repository\org\slf4j\jul-to-slf4j\1.7.26\jul-to-slf4j-1.7.26.jar;C:\Users\current user\.m2\repository\javax\annotation\javax.annotation-api\1.3.2\javax.annotation-api-1.3.2.jar;C:\Users\current user\.m2\repository\org\yaml\snakeyaml\1.23\snakeyaml-1.23.jar;C:\Users\current user\.m2\repository\org\springframework\boot\spring-boot-starter-json\2.1.4.RELEASE\spring-boot-starter-json-2.1.4.RELEASE.jar;C:\Users\current user\.m2\repository\com\fasterxml\jackson\datatype\jackson-datatype-jdk8\2.9.8\jackson-datatype-jdk8-2.9.8.jar;C:\Users\current user\.m2\repository\com\fasterxml\jackson\datatype\jackson-datatype-jsr310\2.9.8\jackson-datatype-jsr310-2.9.8.jar;C:\Users\current user\.m2\repository\com\fasterxml\jackson\module\jackson-module-parameter-names\2.9.8\jackson-module-parameter-names-2.9.8.jar;C:\Users\current user\.m2\repository\org\springframework\boot\spring-boot-starter-tomcat\2.1.4.RELEASE\spring-boot-starter-tomcat-2.1.4.RELEASE.jar;C:\Users\current user\.m2\repository\org\apache\tomcat\embed\tomcat-embed-core\9.0.17\tomcat-embed-core-9.0.17.jar;C:\Users\current user\.m2\repository\org\apache\tomcat\embed\tomcat-embed-el\9.0.17\tomcat-embed-el-9.0.17.jar;C:\Users\current user\.m2\repository\org\apache\tomcat\embed\tomcat-embed-websocket\9.0.17\tomcat-embed-websocket-9.0.17.jar;C:\Users\current user\.m2\repository\org\hibernate\validator\hibernate-validator\6.0.16.Final\hibernate-validator-6.0.16.Final.jar;C:\Users\current user\.m2\repository\javax\validation\validation-api\2.0.1.Final\validation-api-2.0.1.Final.jar;C:\Users\current user\.m2\repository\org\jboss\logging\jboss-logging\3.3.2.Final\jboss-logging-3.3.2.Final.jar;C:\Users\current user\.m2\repository\org\springframework\spring-web\5.1.6.RELEASE\spring-web-5.1.6.RELEASE.jar;C:\Users\current user\.m2\repository\org\springframework\spring-webmvc\5.1.6.RELEASE\spring-webmvc-5.1.6.RELEASE.jar;C:\Users\current user\.m2\repository\org\springframework\spring-expression\5.1.6.RELEASE\spring-expression-5.1.6.RELEASE.jar;C:\Users\current user\.m2\repository\org\springframework\boot\spring-boot-starter-data-mongodb\2.1.4.RELEASE\spring-boot-starter-data-mongodb-2.1.4.RELEASE.jar;C:\Users\current user\.m2\repository\org\mongodb\mongodb-driver\3.8.2\mongodb-driver-3.8.2.jar;C:\Users\current user\.m2\repository\org\mongodb\bson\3.8.2\bson-3.8.2.jar;C:\Users\current user\.m2\repository\org\mongodb\mongodb-driver-core\3.8.2\mongodb-driver-core-3.8.2.jar;C:\Users\current user\.m2\repository\org\springframework\data\spring-data-mongodb\2.1.6.RELEASE\spring-data-mongodb-2.1.6.RELEASE.jar;C:\Users\current user\.m2\repository\org\springframework\spring-tx\5.1.6.RELEASE\spring-tx-5.1.6.RELEASE.jar;C:\Users\current user\.m2\repository\org\springframework\data\spring-data-commons\2.1.6.RELEASE\spring-data-commons-2.1.6.RELEASE.jar;C:\Users\current user\.m2\repository\org\springframework\boot\spring-boot-starter-test\2.1.4.RELEASE\spring-boot-starter-test-2.1.4.RELEASE.jar;C:\Users\current user\.m2\repository\org\springframework\boot\spring-boot-test\2.1.4.RELEASE\spring-boot-test-2.1.4.RELEASE.jar;C:\Users\current user\.m2\repository\org\springframework\boot\spring-boot-test-autoconfigure\2.1.4.RELEASE\spring-boot-test-autoconfigure-2.1.4.RELEASE.jar;C:\Users\current user\.m2\repository\com\jayway\jsonpath\json-path\2.4.0\json-path-2.4.0.jar;C:\Users\current user\.m2\repository\net\minidev\json-smart\2.3\json-smart-2.3.jar;C:\Users\current user\.m2\repository\net\minidev\accessors-smart\1.2\accessors-smart-1.2.jar;C:\Users\current user\.m2\repository\org\ow2\asm\asm\5.0.4\asm-5.0.4.jar;C:\Users\current user\.m2\repository\org\mockito\mockito-core\2.23.4\mockito-core-2.23.4.jar;C:\Users\current user\.m2\repository\net\bytebuddy\byte-buddy\1.9.12\byte-buddy-1.9.12.jar;C:\Users\current user\.m2\repository\net\bytebuddy\byte-buddy-agent\1.9.12\byte-buddy-agent-1.9.12.jar;C:\Users\current user\.m2\repository\org\objenesis\objenesis\2.6\objenesis-2.6.jar;C:\Users\current user\.m2\repository\org\hamcrest\hamcrest-core\1.3\hamcrest-core-1.3.jar;C:\Users\current user\.m2\repository\org\hamcrest\hamcrest-library\1.3\hamcrest-library-1.3.jar;C:\Users\current user\.m2\repository\org\skyscreamer\jsonassert\1.5.0\jsonassert-1.5.0.jar;C:\Users\current user\.m2\repository\com\vaadin\external\google\android-json\0.0.20131108.vaadin1\android-json-0.0.20131108.vaadin1.jar;C:\Users\current user\.m2\repository\org\springframework\spring-core\5.1.6.RELEASE\spring-core-5.1.6.RELEASE.jar;C:\Users\current user\.m2\repository\org\springframework\spring-jcl\5.1.6.RELEASE\spring-jcl-5.1.6.RELEASE.jar;C:\Users\current user\.m2\repository\org\springframework\spring-test\5.1.6.RELEASE\spring-test-5.1.6.RELEASE.jar;C:\Users\current user\.m2\repository\org\xmlunit\xmlunit-core\2.6.2\xmlunit-core-2.6.2.jar;C:\Users\current user\.m2\repository\junit\junit\4.13\junit-4.13.jar;C:\Users\current user\.m2\repository\pl\pragmatists\JUnitParams\1.0.4\JUnitParams-1.0.4.jar;C:\Users\current user\.m2\repository\org\mockito\mockito-all\1.10.19\mockito-all-1.10.19.jar;C:\Users\current user\.m2\repository\org\assertj\assertj-core\3.14.0\assertj-core-3.14.0.jar;C:\Users\current user\.m2\repository\de\bwaldvogel\mongo-java-server\1.7.0\mongo-java-server-1.7.0.jar;C:\Users\current user\.m2\repository\de\bwaldvogel\mongo-java-server-core\1.7.0\mongo-java-server-core-1.7.0.jar;C:\Users\current user\.m2\repository\io\netty\netty-transport\4.1.34.Final\netty-transport-4.1.34.Final.jar;C:\Users\current user\.m2\repository\io\netty\netty-common\4.1.34.Final\netty-common-4.1.34.Final.jar;C:\Users\current user\.m2\repository\io\netty\netty-buffer\4.1.34.Final\netty-buffer-4.1.34.Final.jar;C:\Users\current user\.m2\repository\io\netty\netty-resolver\4.1.34.Final\netty-resolver-4.1.34.Final.jar;C:\Users\current user\.m2\repository\io\netty\netty-codec\4.1.34.Final\netty-codec-4.1.34.Final.jar;C:\Users\current user\.m2\repository\de\bwaldvogel\mongo-java-server-memory-backend\1.7.0\mongo-java-server-memory-backend-1.7.0.jar;"/>
    <property name="java.vm.vendor" value="Oracle Corporation"/>
    <property name="sun.arch.data.model" value="64"/>
    <property name="user.variant" value=""/>
    <property name="java.vendor.url" value="http://java.oracle.com/"/>
    <property name="user.timezone" value="GMT-03:00"/>
    <property name="java.vm.specification.version" value="11"/>
    <property name="os.name" value="Windows 7"/>
    <property name="sun.java.launcher" value="SUN_STANDARD"/>
    <property name="user.country" value="US"/>
    <property name="sun.boot.library.path" value="C:\Program Files\Java\jdk-11.0.5\bin"/>
    <property name="sun.java.command" value="C:\Users\CURREN~1\AppData\Local\Temp\surefire5851143063711817029\surefirebooter13376138440507994674.jar C:\Users\current user\AppData\Local\Temp\surefire5851143063711817029 2020-01-13T01-34-51_246-jvmRun1 surefire7244830912226845817tmp surefire_011138118150778071066tmp"/>
    <property name="jdk.debug" value="release"/>
    <property name="surefire.test.class.path" value="C:\Users\current user\IdeaProjects\ImageRepo\target\test-classes;C:\Users\current user\IdeaProjects\ImageRepo\target\classes;C:\Users\current user\.m2\repository\com\amazonaws\aws-java-sdk\1.11.163\aws-java-sdk-1.11.163.jar;C:\Users\current user\.m2\repository\com\amazonaws\aws-java-sdk-dax\1.11.163\aws-java-sdk-dax-1.11.163.jar;C:\Users\current user\.m2\repository\com\amazonaws\jmespath-java\1.11.163\jmespath-java-1.11.163.jar;C:\Users\current user\.m2\repository\com\amazonaws\aws-java-sdk-greengrass\1.11.163\aws-java-sdk-greengrass-1.11.163.jar;C:\Users\current user\.m2\repository\com\amazonaws\aws-java-sdk-athena\1.11.163\aws-java-sdk-athena-1.11.163.jar;C:\Users\current user\.m2\repository\com\amazonaws\aws-java-sdk-marketplaceentitlement\1.11.163\aws-java-sdk-marketplaceentitlement-1.11.163.jar;C:\Users\current user\.m2\repository\com\amazonaws\aws-java-sdk-codestar\1.11.163\aws-java-sdk-codestar-1.11.163.jar;C:\Users\current user\.m2\repository\com\amazonaws\aws-java-sdk-lexmodelbuilding\1.11.163\aws-java-sdk-lexmodelbuilding-1.11.163.jar;C:\Users\current user\.m2\repository\com\amazonaws\aws-java-sdk-resourcegroupstaggingapi\1.11.163\aws-java-sdk-resourcegroupstaggingapi-1.11.163.jar;C:\Users\current user\.m2\repository\com\amazonaws\aws-java-sdk-pinpoint\1.11.163\aws-java-sdk-pinpoint-1.11.163.jar;C:\Users\current user\.m2\repository\com\amazonaws\aws-java-sdk-xray\1.11.163\aws-java-sdk-xray-1.11.163.jar;C:\Users\current user\.m2\repository\com\amazonaws\aws-java-sdk-opsworkscm\1.11.163\aws-java-sdk-opsworkscm-1.11.163.jar;C:\Users\current user\.m2\repository\com\amazonaws\aws-java-sdk-support\1.11.163\aws-java-sdk-support-1.11.163.jar;C:\Users\current user\.m2\repository\com\amazonaws\aws-java-sdk-simpledb\1.11.163\aws-java-sdk-simpledb-1.11.163.jar;C:\Users\current user\.m2\repository\com\amazonaws\aws-java-sdk-servicecatalog\1.11.163\aws-java-sdk-servicecatalog-1.11.163.jar;C:\Users\current user\.m2\repository\com\amazonaws\aws-java-sdk-servermigration\1.11.163\aws-java-sdk-servermigration-1.11.163.jar;C:\Users\current user\.m2\repository\com\amazonaws\aws-java-sdk-simpleworkflow\1.11.163\aws-java-sdk-simpleworkflow-1.11.163.jar;C:\Users\current user\.m2\repository\com\amazonaws\aws-java-sdk-storagegateway\1.11.163\aws-java-sdk-storagegateway-1.11.163.jar;C:\Users\current user\.m2\repository\com\amazonaws\aws-java-sdk-route53\1.11.163\aws-java-sdk-route53-1.11.163.jar;C:\Users\current user\.m2\repository\com\amazonaws\aws-java-sdk-s3\1.11.163\aws-java-sdk-s3-1.11.163.jar;C:\Users\current user\.m2\repository\com\amazonaws\aws-java-sdk-importexport\1.11.163\aws-java-sdk-importexport-1.11.163.jar;C:\Users\current user\.m2\repository\com\amazonaws\aws-java-sdk-sts\1.11.163\aws-java-sdk-sts-1.11.163.jar;C:\Users\current user\.m2\repository\com\amazonaws\aws-java-sdk-sqs\1.11.163\aws-java-sdk-sqs-1.11.163.jar;C:\Users\current user\.m2\repository\com\amazonaws\aws-java-sdk-rds\1.11.163\aws-java-sdk-rds-1.11.163.jar;C:\Users\current user\.m2\repository\com\amazonaws\aws-java-sdk-redshift\1.11.163\aws-java-sdk-redshift-1.11.163.jar;C:\Users\current user\.m2\repository\com\amazonaws\aws-java-sdk-elasticbeanstalk\1.11.163\aws-java-sdk-elasticbeanstalk-1.11.163.jar;C:\Users\current user\.m2\repository\com\amazonaws\aws-java-sdk-glacier\1.11.163\aws-java-sdk-glacier-1.11.163.jar;C:\Users\current user\.m2\repository\com\amazonaws\aws-java-sdk-iam\1.11.163\aws-java-sdk-iam-1.11.163.jar;C:\Users\current user\.m2\repository\com\amazonaws\aws-java-sdk-datapipeline\1.11.163\aws-java-sdk-datapipeline-1.11.163.jar;C:\Users\current user\.m2\repository\com\amazonaws\aws-java-sdk-elasticloadbalancing\1.11.163\aws-java-sdk-elasticloadbalancing-1.11.163.jar;C:\Users\current user\.m2\repository\com\amazonaws\aws-java-sdk-elasticloadbalancingv2\1.11.163\aws-java-sdk-elasticloadbalancingv2-1.11.163.jar;C:\Users\current user\.m2\repository\com\amazonaws\aws-java-sdk-emr\1.11.163\aws-java-sdk-emr-1.11.163.jar;C:\Users\current user\.m2\repository\com\amazonaws\aws-java-sdk-elasticache\1.11.163\aws-java-sdk-elasticache-1.11.163.jar;C:\Users\current user\.m2\repository\com\amazonaws\aws-java-sdk-elastictranscoder\1.11.163\aws-java-sdk-elastictranscoder-1.11.163.jar;C:\Users\current user\.m2\repository\com\amazonaws\aws-java-sdk-ec2\1.11.163\aws-java-sdk-ec2-1.11.163.jar;C:\Users\current user\.m2\repository\com\amazonaws\aws-java-sdk-dynamodb\1.11.163\aws-java-sdk-dynamodb-1.11.163.jar;C:\Users\current user\.m2\repository\com\amazonaws\aws-java-sdk-sns\1.11.163\aws-java-sdk-sns-1.11.163.jar;C:\Users\current user\.m2\repository\com\amazonaws\aws-java-sdk-budgets\1.11.163\aws-java-sdk-budgets-1.11.163.jar;C:\Users\current user\.m2\repository\com\amazonaws\aws-java-sdk-cloudtrail\1.11.163\aws-java-sdk-cloudtrail-1.11.163.jar;C:\Users\current user\.m2\repository\com\amazonaws\aws-java-sdk-cloudwatch\1.11.163\aws-java-sdk-cloudwatch-1.11.163.jar;C:\Users\current user\.m2\repository\com\amazonaws\aws-java-sdk-logs\1.11.163\aws-java-sdk-logs-1.11.163.jar;C:\Users\current user\.m2\repository\com\amazonaws\aws-java-sdk-events\1.11.163\aws-java-sdk-events-1.11.163.jar;C:\Users\current user\.m2\repository\com\amazonaws\aws-java-sdk-cognitoidentity\1.11.163\aws-java-sdk-cognitoidentity-1.11.163.jar;C:\Users\current user\.m2\repository\com\amazonaws\aws-java-sdk-cognitosync\1.11.163\aws-java-sdk-cognitosync-1.11.163.jar;C:\Users\current user\.m2\repository\com\amazonaws\aws-java-sdk-directconnect\1.11.163\aws-java-sdk-directconnect-1.11.163.jar;C:\Users\current user\.m2\repository\com\amazonaws\aws-java-sdk-cloudformation\1.11.163\aws-java-sdk-cloudformation-1.11.163.jar;C:\Users\current user\.m2\repository\com\amazonaws\aws-java-sdk-cloudfront\1.11.163\aws-java-sdk-cloudfront-1.11.163.jar;C:\Users\current user\.m2\repository\com\amazonaws\aws-java-sdk-clouddirectory\1.11.163\aws-java-sdk-clouddirectory-1.11.163.jar;C:\Users\current user\.m2\repository\com\amazonaws\aws-java-sdk-kinesis\1.11.163\aws-java-sdk-kinesis-1.11.163.jar;C:\Users\current user\.m2\repository\com\amazonaws\aws-java-sdk-opsworks\1.11.163\aws-java-sdk-opsworks-1.11.163.jar;C:\Users\current user\.m2\repository\com\amazonaws\aws-java-sdk-ses\1.11.163\aws-java-sdk-ses-1.11.163.jar;C:\Users\current user\.m2\repository\com\amazonaws\aws-java-sdk-autoscaling\1.11.163\aws-java-sdk-autoscaling-1.11.163.jar;C:\Users\current user\.m2\repository\com\amazonaws\aws-java-sdk-cloudsearch\1.11.163\aws-java-sdk-cloudsearch-1.11.163.jar;C:\Users\current user\.m2\repository\com\amazonaws\aws-java-sdk-cloudwatchmetrics\1.11.163\aws-java-sdk-cloudwatchmetrics-1.11.163.jar;C:\Users\current user\.m2\repository\com\amazonaws\aws-java-sdk-codedeploy\1.11.163\aws-java-sdk-codedeploy-1.11.163.jar;C:\Users\current user\.m2\repository\com\amazonaws\aws-java-sdk-codepipeline\1.11.163\aws-java-sdk-codepipeline-1.11.163.jar;C:\Users\current user\.m2\repository\com\amazonaws\aws-java-sdk-kms\1.11.163\aws-java-sdk-kms-1.11.163.jar;C:\Users\current user\.m2\repository\com\amazonaws\aws-java-sdk-config\1.11.163\aws-java-sdk-config-1.11.163.jar;C:\Users\current user\.m2\repository\com\amazonaws\aws-java-sdk-lambda\1.11.163\aws-java-sdk-lambda-1.11.163.jar;C:\Users\current user\.m2\repository\com\amazonaws\aws-java-sdk-ecs\1.11.163\aws-java-sdk-ecs-1.11.163.jar;C:\Users\current user\.m2\repository\com\amazonaws\aws-java-sdk-ecr\1.11.163\aws-java-sdk-ecr-1.11.163.jar;C:\Users\current user\.m2\repository\com\amazonaws\aws-java-sdk-cloudhsm\1.11.163\aws-java-sdk-cloudhsm-1.11.163.jar;C:\Users\current user\.m2\repository\com\amazonaws\aws-java-sdk-ssm\1.11.163\aws-java-sdk-ssm-1.11.163.jar;C:\Users\current user\.m2\repository\com\amazonaws\aws-java-sdk-workspaces\1.11.163\aws-java-sdk-workspaces-1.11.163.jar;C:\Users\current user\.m2\repository\com\amazonaws\aws-java-sdk-machinelearning\1.11.163\aws-java-sdk-machinelearning-1.11.163.jar;C:\Users\current user\.m2\repository\com\amazonaws\aws-java-sdk-directory\1.11.163\aws-java-sdk-directory-1.11.163.jar;C:\Users\current user\.m2\repository\com\amazonaws\aws-java-sdk-efs\1.11.163\aws-java-sdk-efs-1.11.163.jar;C:\Users\current user\.m2\repository\com\amazonaws\aws-java-sdk-codecommit\1.11.163\aws-java-sdk-codecommit-1.11.163.jar;C:\Users\current user\.m2\repository\com\amazonaws\aws-java-sdk-devicefarm\1.11.163\aws-java-sdk-devicefarm-1.11.163.jar;C:\Users\current user\.m2\repository\com\amazonaws\aws-java-sdk-elasticsearch\1.11.163\aws-java-sdk-elasticsearch-1.11.163.jar;C:\Users\current user\.m2\repository\com\amazonaws\aws-java-sdk-waf\1.11.163\aws-java-sdk-waf-1.11.163.jar;C:\Users\current user\.m2\repository\com\amazonaws\aws-java-sdk-marketplacecommerceanalytics\1.11.163\aws-java-sdk-marketplacecommerceanalytics-1.11.163.jar;C:\Users\current user\.m2\repository\com\amazonaws\aws-java-sdk-inspector\1.11.163\aws-java-sdk-inspector-1.11.163.jar;C:\Users\current user\.m2\repository\com\amazonaws\aws-java-sdk-iot\1.11.163\aws-java-sdk-iot-1.11.163.jar;C:\Users\current user\.m2\repository\com\amazonaws\aws-java-sdk-api-gateway\1.11.163\aws-java-sdk-api-gateway-1.11.163.jar;C:\Users\current user\.m2\repository\com\amazonaws\aws-java-sdk-acm\1.11.163\aws-java-sdk-acm-1.11.163.jar;C:\Users\current user\.m2\repository\com\amazonaws\aws-java-sdk-gamelift\1.11.163\aws-java-sdk-gamelift-1.11.163.jar;C:\Users\current user\.m2\repository\com\amazonaws\aws-java-sdk-dms\1.11.163\aws-java-sdk-dms-1.11.163.jar;C:\Users\current user\.m2\repository\com\amazonaws\aws-java-sdk-marketplacemeteringservice\1.11.163\aws-java-sdk-marketplacemeteringservice-1.11.163.jar;C:\Users\current user\.m2\repository\com\amazonaws\aws-java-sdk-cognitoidp\1.11.163\aws-java-sdk-cognitoidp-1.11.163.jar;C:\Users\current user\.m2\repository\com\amazonaws\aws-java-sdk-discovery\1.11.163\aws-java-sdk-discovery-1.11.163.jar;C:\Users\current user\.m2\repository\com\amazonaws\aws-java-sdk-applicationautoscaling\1.11.163\aws-java-sdk-applicationautoscaling-1.11.163.jar;C:\Users\current user\.m2\repository\com\amazonaws\aws-java-sdk-snowball\1.11.163\aws-java-sdk-snowball-1.11.163.jar;C:\Users\current user\.m2\repository\com\amazonaws\aws-java-sdk-rekognition\1.11.163\aws-java-sdk-rekognition-1.11.163.jar;C:\Users\current user\.m2\repository\com\amazonaws\aws-java-sdk-polly\1.11.163\aws-java-sdk-polly-1.11.163.jar;C:\Users\current user\.m2\repository\com\amazonaws\aws-java-sdk-lightsail\1.11.163\aws-java-sdk-lightsail-1.11.163.jar;C:\Users\current user\.m2\repository\com\amazonaws\aws-java-sdk-stepfunctions\1.11.163\aws-java-sdk-stepfunctions-1.11.163.jar;C:\Users\current user\.m2\repository\com\amazonaws\aws-java-sdk-health\1.11.163\aws-java-sdk-health-1.11.163.jar;C:\Users\current user\.m2\repository\com\amazonaws\aws-java-sdk-costandusagereport\1.11.163\aws-java-sdk-costandusagereport-1.11.163.jar;C:\Users\current user\.m2\repository\com\amazonaws\aws-java-sdk-codebuild\1.11.163\aws-java-sdk-codebuild-1.11.163.jar;C:\Users\current user\.m2\repository\com\amazonaws\aws-java-sdk-appstream\1.11.163\aws-java-sdk-appstream-1.11.163.jar;C:\Users\current user\.m2\repository\com\amazonaws\aws-java-sdk-shield\1.11.163\aws-java-sdk-shield-1.11.163.jar;C:\Users\current user\.m2\repository\com\amazonaws\aws-java-sdk-batch\1.11.163\aws-java-sdk-batch-1.11.163.jar;C:\Users\current user\.m2\repository\com\amazonaws\aws-java-sdk-lex\1.11.163\aws-java-sdk-lex-1.11.163.jar;C:\Users\current user\.m2\repository\com\amazonaws\aws-java-sdk-mechanicalturkrequester\1.11.163\aws-java-sdk-mechanicalturkrequester-1.11.163.jar;C:\Users\current user\.m2\repository\com\amazonaws\aws-java-sdk-organizations\1.11.163\aws-java-sdk-organizations-1.11.163.jar;C:\Users\current user\.m2\repository\com\amazonaws\aws-java-sdk-workdocs\1.11.163\aws-java-sdk-workdocs-1.11.163.jar;C:\Users\current user\.m2\repository\com\amazonaws\aws-java-sdk-core\1.11.163\aws-java-sdk-core-1.11.163.jar;C:\Users\current user\.m2\repository\commons-logging\commons-logging\1.1.3\commons-logging-1.1.3.jar;C:\Users\current user\.m2\repository\org\apache\httpcomponents\httpclient\4.5.8\httpclient-4.5.8.jar;C:\Users\current user\.m2\repository\org\apache\httpcomponents\httpcore\4.4.11\httpcore-4.4.11.jar;C:\Users\current user\.m2\repository\commons-codec\commons-codec\1.11\commons-codec-1.11.jar;C:\Users\current user\.m2\repository\software\amazon\ion\ion-java\1.0.2\ion-java-1.0.2.jar;C:\Users\current user\.m2\repository\com\fasterxml\jackson\core\jackson-databind\2.9.8\jackson-databind-2.9.8.jar;C:\Users\current user\.m2\repository\com\fasterxml\jackson\core\jackson-core\2.9.8\jackson-core-2.9.8.jar;C:\Users\current user\.m2\repository\com\fasterxml\jackson\dataformat\jackson-dataformat-cbor\2.9.8\jackson-dataformat-cbor-2.9.8.jar;C:\Users\current user\.m2\repository\joda-time\joda-time\2.10.1\joda-time-2.10.1.jar;C:\Users\current user\.m2\repository\com\amazonaws\aws-java-sdk-models\1.11.163\aws-java-sdk-models-1.11.163.jar;C:\Users\current user\.m2\repository\com\amazonaws\aws-java-sdk-swf-libraries\1.11.22\aws-java-sdk-swf-libraries-1.11.22.jar;C:\Users\current user\.m2\repository\com\google\guava\guava\28.2-jre\guava-28.2-jre.jar;C:\Users\current user\.m2\repository\com\google\guava\failureaccess\1.0.1\failureaccess-1.0.1.jar;C:\Users\current user\.m2\repository\com\google\guava\listenablefuture\9999.0-empty-to-avoid-conflict-with-guava\listenablefuture-9999.0-empty-to-avoid-conflict-with-guava.jar;C:\Users\current user\.m2\repository\com\google\code\findbugs\jsr305\3.0.2\jsr305-3.0.2.jar;C:\Users\current user\.m2\repository\org\checkerframework\checker-qual\2.10.0\checker-qual-2.10.0.jar;C:\Users\current user\.m2\repository\com\google\errorprone\error_prone_annotations\2.3.4\error_prone_annotations-2.3.4.jar;C:\Users\current user\.m2\repository\com\google\j2objc\j2objc-annotations\1.3\j2objc-annotations-1.3.jar;C:\Users\current user\.m2\repository\org\projectlombok\lombok\1.18.10\lombok-1.18.10.jar;C:\Users\current user\.m2\repository\commons-io\commons-io\2.6\commons-io-2.6.jar;C:\Users\current user\.m2\repository\javax\xml\bind\jaxb-api\2.3.1\jaxb-api-2.3.1.jar;C:\Users\current user\.m2\repository\javax\activation\javax.activation-api\1.2.0\javax.activation-api-1.2.0.jar;C:\Users\current user\.m2\repository\com\sun\activation\javax.activation\1.2.0\javax.activation-1.2.0.jar;C:\Users\current user\.m2\repository\io\springfox\springfox-swagger2\2.9.2\springfox-swagger2-2.9.2.jar;C:\Users\current user\.m2\repository\io\swagger\swagger-annotations\1.5.20\swagger-annotations-1.5.20.jar;C:\Users\current user\.m2\repository\io\swagger\swagger-models\1.5.20\swagger-models-1.5.20.jar;C:\Users\current user\.m2\repository\com\fasterxml\jackson\core\jackson-annotations\2.9.0\jackson-annotations-2.9.0.jar;C:\Users\current user\.m2\repository\io\springfox\springfox-spi\2.9.2\springfox-spi-2.9.2.jar;C:\Users\current user\.m2\repository\io\springfox\springfox-core\2.9.2\springfox-core-2.9.2.jar;C:\Users\current user\.m2\repository\io\springfox\springfox-schema\2.9.2\springfox-schema-2.9.2.jar;C:\Users\current user\.m2\repository\io\springfox\springfox-swagger-common\2.9.2\springfox-swagger-common-2.9.2.jar;C:\Users\current user\.m2\repository\io\springfox\springfox-spring-web\2.9.2\springfox-spring-web-2.9.2.jar;C:\Users\current user\.m2\repository\com\fasterxml\classmate\1.4.0\classmate-1.4.0.jar;C:\Users\current user\.m2\repository\org\slf4j\slf4j-api\1.7.26\slf4j-api-1.7.26.jar;C:\Users\current user\.m2\repository\org\springframework\plugin\spring-plugin-core\1.2.0.RELEASE\spring-plugin-core-1.2.0.RELEASE.jar;C:\Users\current user\.m2\repository\org\springframework\spring-beans\5.1.6.RELEASE\spring-beans-5.1.6.RELEASE.jar;C:\Users\current user\.m2\repository\org\springframework\spring-context\5.1.6.RELEASE\spring-context-5.1.6.RELEASE.jar;C:\Users\current user\.m2\repository\org\springframework\spring-aop\5.1.6.RELEASE\spring-aop-5.1.6.RELEASE.jar;C:\Users\current user\.m2\repository\org\springframework\plugin\spring-plugin-metadata\1.2.0.RELEASE\spring-plugin-metadata-1.2.0.RELEASE.jar;C:\Users\current user\.m2\repository\org\mapstruct\mapstruct\1.2.0.Final\mapstruct-1.2.0.Final.jar;C:\Users\current user\.m2\repository\io\springfox\springfox-swagger-ui\2.9.2\springfox-swagger-ui-2.9.2.jar;C:\Users\current user\.m2\repository\org\springframework\boot\spring-boot-starter-web\2.1.4.RELEASE\spring-boot-starter-web-2.1.4.RELEASE.jar;C:\Users\current user\.m2\repository\org\springframework\boot\spring-boot-starter\2.1.4.RELEASE\spring-boot-starter-2.1.4.RELEASE.jar;C:\Users\current user\.m2\repository\org\springframework\boot\spring-boot\2.1.4.RELEASE\spring-boot-2.1.4.RELEASE.jar;C:\Users\current user\.m2\repository\org\springframework\boot\spring-boot-autoconfigure\2.1.4.RELEASE\spring-boot-autoconfigure-2.1.4.RELEASE.jar;C:\Users\current user\.m2\repository\org\springframework\boot\spring-boot-starter-logging\2.1.4.RELEASE\spring-boot-starter-logging-2.1.4.RELEASE.jar;C:\Users\current user\.m2\repository\ch\qos\logback\logback-classic\1.2.3\logback-classic-1.2.3.jar;C:\Users\current user\.m2\repository\ch\qos\logback\logback-core\1.2.3\logback-core-1.2.3.jar;C:\Users\current user\.m2\repository\org\apache\logging\log4j\log4j-to-slf4j\2.11.2\log4j-to-slf4j-2.11.2.jar;C:\Users\current user\.m2\repository\org\apache\logging\log4j\log4j-api\2.11.2\log4j-api-2.11.2.jar;C:\Users\current user\.m2\repository\org\slf4j\jul-to-slf4j\1.7.26\jul-to-slf4j-1.7.26.jar;C:\Users\current user\.m2\repository\javax\annotation\javax.annotation-api\1.3.2\javax.annotation-api-1.3.2.jar;C:\Users\current user\.m2\repository\org\yaml\snakeyaml\1.23\snakeyaml-1.23.jar;C:\Users\current user\.m2\repository\org\springframework\boot\spring-boot-starter-json\2.1.4.RELEASE\spring-boot-starter-json-2.1.4.RELEASE.jar;C:\Users\current user\.m2\repository\com\fasterxml\jackson\datatype\jackson-datatype-jdk8\2.9.8\jackson-datatype-jdk8-2.9.8.jar;C:\Users\current user\.m2\repository\com\fasterxml\jackson\datatype\jackson-datatype-jsr310\2.9.8\jackson-datatype-jsr310-2.9.8.jar;C:\Users\current user\.m2\repository\com\fasterxml\jackson\module\jackson-module-parameter-names\2.9.8\jackson-module-parameter-names-2.9.8.jar;C:\Users\current user\.m2\repository\org\springframework\boot\spring-boot-starter-tomcat\2.1.4.RELEASE\spring-boot-starter-tomcat-2.1.4.RELEASE.jar;C:\Users\current user\.m2\repository\org\apache\tomcat\embed\tomcat-embed-core\9.0.17\tomcat-embed-core-9.0.17.jar;C:\Users\current user\.m2\repository\org\apache\tomcat\embed\tomcat-embed-el\9.0.17\tomcat-embed-el-9.0.17.jar;C:\Users\current user\.m2\repository\org\apache\tomcat\embed\tomcat-embed-websocket\9.0.17\tomcat-embed-websocket-9.0.17.jar;C:\Users\current user\.m2\repository\org\hibernate\validator\hibernate-validator\6.0.16.Final\hibernate-validator-6.0.16.Final.jar;C:\Users\current user\.m2\repository\javax\validation\validation-api\2.0.1.Final\validation-api-2.0.1.Final.jar;C:\Users\current user\.m2\repository\org\jboss\logging\jboss-logging\3.3.2.Final\jboss-logging-3.3.2.Final.jar;C:\Users\current user\.m2\repository\org\springframework\spring-web\5.1.6.RELEASE\spring-web-5.1.6.RELEASE.jar;C:\Users\current user\.m2\repository\org\springframework\spring-webmvc\5.1.6.RELEASE\spring-webmvc-5.1.6.RELEASE.jar;C:\Users\current user\.m2\repository\org\springframework\spring-expression\5.1.6.RELEASE\spring-expression-5.1.6.RELEASE.jar;C:\Users\current user\.m2\repository\org\springframework\boot\spring-boot-starter-data-mongodb\2.1.4.RELEASE\spring-boot-starter-data-mongodb-2.1.4.RELEASE.jar;C:\Users\current user\.m2\repository\org\mongodb\mongodb-driver\3.8.2\mongodb-driver-3.8.2.jar;C:\Users\current user\.m2\repository\org\mongodb\bson\3.8.2\bson-3.8.2.jar;C:\Users\current user\.m2\repository\org\mongodb\mongodb-driver-core\3.8.2\mongodb-driver-core-3.8.2.jar;C:\Users\current user\.m2\repository\org\springframework\data\spring-data-mongodb\2.1.6.RELEASE\spring-data-mongodb-2.1.6.RELEASE.jar;C:\Users\current user\.m2\repository\org\springframework\spring-tx\5.1.6.RELEASE\spring-tx-5.1.6.RELEASE.jar;C:\Users\current user\.m2\repository\org\springframework\data\spring-data-commons\2.1.6.RELEASE\spring-data-commons-2.1.6.RELEASE.jar;C:\Users\current user\.m2\repository\org\springframework\boot\spring-boot-starter-test\2.1.4.RELEASE\spring-boot-starter-test-2.1.4.RELEASE.jar;C:\Users\current user\.m2\repository\org\springframework\boot\spring-boot-test\2.1.4.RELEASE\spring-boot-test-2.1.4.RELEASE.jar;C:\Users\current user\.m2\repository\org\springframework\boot\spring-boot-test-autoconfigure\2.1.4.RELEASE\spring-boot-test-autoconfigure-2.1.4.RELEASE.jar;C:\Users\current user\.m2\repository\com\jayway\jsonpath\json-path\2.4.0\json-path-2.4.0.jar;C:\Users\current user\.m2\repository\net\minidev\json-smart\2.3\json-smart-2.3.jar;C:\Users\current user\.m2\repository\net\minidev\accessors-smart\1.2\accessors-smart-1.2.jar;C:\Users\current user\.m2\repository\org\ow2\asm\asm\5.0.4\asm-5.0.4.jar;C:\Users\current user\.m2\repository\org\mockito\mockito-core\2.23.4\mockito-core-2.23.4.jar;C:\Users\current user\.m2\repository\net\bytebuddy\byte-buddy\1.9.12\byte-buddy-1.9.12.jar;C:\Users\current user\.m2\repository\net\bytebuddy\byte-buddy-agent\1.9.12\byte-buddy-agent-1.9.12.jar;C:\Users\current user\.m2\repository\org\objenesis\objenesis\2.6\objenesis-2.6.jar;C:\Users\current user\.m2\repository\org\hamcrest\hamcrest-core\1.3\hamcrest-core-1.3.jar;C:\Users\current user\.m2\repository\org\hamcrest\hamcrest-library\1.3\hamcrest-library-1.3.jar;C:\Users\current user\.m2\repository\org\skyscreamer\jsonassert\1.5.0\jsonassert-1.5.0.jar;C:\Users\current user\.m2\repository\com\vaadin\external\google\android-json\0.0.20131108.vaadin1\android-json-0.0.20131108.vaadin1.jar;C:\Users\current user\.m2\repository\org\springframework\spring-core\5.1.6.RELEASE\spring-core-5.1.6.RELEASE.jar;C:\Users\current user\.m2\repository\org\springframework\spring-jcl\5.1.6.RELEASE\spring-jcl-5.1.6.RELEASE.jar;C:\Users\current user\.m2\repository\org\springframework\spring-test\5.1.6.RELEASE\spring-test-5.1.6.RELEASE.jar;C:\Users\current user\.m2\repository\org\xmlunit\xmlunit-core\2.6.2\xmlunit-core-2.6.2.jar;C:\Users\current user\.m2\repository\junit\junit\4.13\junit-4.13.jar;C:\Users\current user\.m2\repository\pl\pragmatists\JUnitParams\1.0.4\JUnitParams-1.0.4.jar;C:\Users\current user\.m2\repository\org\mockito\mockito-all\1.10.19\mockito-all-1.10.19.jar;C:\Users\current user\.m2\repository\org\assertj\assertj-core\3.14.0\assertj-core-3.14.0.jar;C:\Users\current user\.m2\repository\de\bwaldvogel\mongo-java-server\1.7.0\mongo-java-server-1.7.0.jar;C:\Users\current user\.m2\repository\de\bwaldvogel\mongo-java-server-core\1.7.0\mongo-java-server-core-1.7.0.jar;C:\Users\current user\.m2\repository\io\netty\netty-transport\4.1.34.Final\netty-transport-4.1.34.Final.jar;C:\Users\current user\.m2\repository\io\netty\netty-common\4.1.34.Final\netty-common-4.1.34.Final.jar;C:\Users\current user\.m2\repository\io\netty\netty-buffer\4.1.34.Final\netty-buffer-4.1.34.Final.jar;C:\Users\current user\.m2\repository\io\netty\netty-resolver\4.1.34.Final\netty-resolver-4.1.34.Final.jar;C:\Users\current user\.m2\repository\io\netty\netty-codec\4.1.34.Final\netty-codec-4.1.34.Final.jar;C:\Users\current user\.m2\repository\de\bwaldvogel\mongo-java-server-memory-backend\1.7.0\mongo-java-server-memory-backend-1.7.0.jar;"/>
    <property name="sun.cpu.endian" value="little"/>
    <property name="user.home" value="C:\Users\current user"/>
    <property name="user.language" value="en"/>
    <property name="java.specification.vendor" value="Oracle Corporation"/>
    <property name="java.version.date" value="2019-10-15"/>
    <property name="java.home" value="C:\Program Files\Java\jdk-11.0.5"/>
    <property name="file.separator" value="\"/>
    <property name="basedir" value="C:\Users\current user\IdeaProjects\ImageRepo"/>
    <property name="java.vm.compressedOopsMode" value="Zero based"/>
    <property name="line.separator" value="&#10;"/>
    <property name="java.specification.name" value="Java Platform API Specification"/>
    <property name="java.vm.specification.vendor" value="Oracle Corporation"/>
    <property name="java.awt.graphicsenv" value="sun.awt.Win32GraphicsEnvironment"/>
    <property name="surefire.real.class.path" value="C:\Users\CURREN~1\AppData\Local\Temp\surefire5851143063711817029\surefirebooter13376138440507994674.jar"/>
    <property name="user.script" value=""/>
    <property name="sun.management.compiler" value="HotSpot 64-Bit Tiered Compilers"/>
    <property name="java.runtime.version" value="11.0.5+10-LTS"/>
    <property name="user.name" value="current user"/>
    <property name="path.separator" value=";"/>
    <property name="os.version" value="6.1"/>
    <property name="amazon.aws.accessKey" value="AKIAJQT6EZ345PO3TZ4A"/>
    <property name="java.runtime.name" value="Java(TM) SE Runtime Environment"/>
    <property name="file.encoding" value="Cp1252"/>
    <property name="java.vm.name" value="Java HotSpot(TM) 64-Bit Server VM"/>
    <property name="java.vendor.version" value="18.9"/>
    <property name="localRepository" value="C:\Users\current user\.m2\repository"/>
    <property name="java.vendor.url.bug" value="http://bugreport.java.com/bugreport/"/>
    <property name="java.io.tmpdir" value="C:\Users\CURREN~1\AppData\Local\Temp\"/>
    <property name="java.version" value="11.0.5"/>
    <property name="user.dir" value="C:\Users\current user\IdeaProjects\ImageRepo"/>
    <property name="os.arch" value="amd64"/>
    <property name="java.vm.specification.name" value="Java Virtual Machine Specification"/>
    <property name="java.awt.printerjob" value="sun.awt.windows.WPrinterJob"/>
    <property name="sun.os.patch.level" value="Service Pack 1"/>
    <property name="java.library.path" value="C:\Program Files\Java\jdk-11.0.5\bin;C:\Windows\Sun\Java\bin;C:\Windows\system32;C:\Windows;C:\Windows\system32;C:\Windows;C:\Windows\System32\Wbem;C:\Windows\System32\WindowsPowerShell\v1.0\;C:\Program Files\ThinkPad\Bluetooth Software\;C:\Program Files\ThinkPad\Bluetooth Software\syswow64;C:\Program Files\Git\cmd;C:\Program Files\Amazon\AWSCLI\bin\;C:\Program Files\MongoDB\Server\4.2\bin;C:\Program Files (x86)\Apache\apache-maven-3.6.3\bin;C:\Program Files\Java\jdk-11.0.5\bin;."/>
    <property name="java.vendor" value="Oracle Corporation"/>
    <property name="java.vm.info" value="mixed mode"/>
    <property name="java.vm.version" value="11.0.5+10-LTS"/>
    <property name="amazon.aws.secretKey" value="Z7umP4onFdnHzsSNJWBPJL9Gjo+uCLnlPWaKSYK6"/>
    <property name="sun.io.unicode.encoding" value="UnicodeLittle"/>
    <property name="java.class.version" value="55.0"/>
  </properties>
  <testcase name="testGetImage" classname="imagerepo.ImageRepoAppIT" time="5.785"/>
  <testcase name="testUploadImageAlreadyExists" classname="imagerepo.ImageRepoAppIT" time="1.426"/>
  <testcase name="testDeleteImageHappyPath" classname="imagerepo.ImageRepoAppIT" time="1.807"/>
  <testcase name="testUploadImageHappyPath" classname="imagerepo.ImageRepoAppIT" time="1.326"/>
  <testcase name="testDeleteImageNotAllowed" classname="imagerepo.ImageRepoAppIT" time="3.212"/>
  <testcase name="testGetImages" classname="imagerepo.ImageRepoAppIT" time="1.493"/>
</testsuite>